Arguments: 
  /home/amra/.nvm/versions/node/v14.4.0/bin/node /usr/share/yarn/bin/yarn.js install

PATH: 
  /home/amra/.nvm/versions/node/v14.4.0/bin:/usr/bin:/bin:/home/amra/.config/composer/vendor/bin:/snap/bin

Yarn version: 
  1.22.17

Node version: 
  14.4.0

Platform: 
  linux x64

Trace: 
  Error: getaddrinfo EAI_AGAIN registry.yarnpkg.com
      at GetAddrInfoReqWrap.onlookup [as oncomplete] (dns.js:66:26)

npm manifest: 
  {
    "name": "26khoroo",
    "version": "0.1.0",
    "private": true,
    "dependencies": {
      "@emotion/react": "^11.7.1",
      "@emotion/styled": "^11.6.0",
      "@mui/icons-material": "^5.3.1",
      "@mui/material": "^5.3.1",
      "@mui/styled-engine-sc": "^5.3.0",
      "@testing-library/jest-dom": "^5.16.1",
      "@testing-library/react": "^12.1.2",
      "@testing-library/user-event": "^13.5.0",
      "react": "^17.0.2",
      "react-dom": "^17.0.2",
      "react-router-dom": "^6.2.1",
      "react-scripts": "5.0.0",
      "styled-components": "^5.3.3",
      "web-vitals": "^2.1.4"
    },
    "scripts": {
      "start": "react-scripts start",
      "dev": "yarn start",
      "build": "react-scripts build",
      "test": "react-scripts test",
      "eject": "react-scripts eject"
    },
    "eslintConfig": {
      "extends": [
        "react-app",
        "react-app/jest"
      ]
    },
    "browserslist": {
      "production": [
        ">0.2%",
        "not dead",
        "not op_mini all"
      ],
      "development": [
        "last 1 chrome version",
        "last 1 firefox version",
        "last 1 safari version"
      ]
    }
  }

yarn manifest: 
  No manifest

Lockfile: 
  No lockfile
